<?xml version="1.0" encoding="UTF-8"?>
<testsuite xmlns:xsi="http://www.w3.org/2001/XMLSchema-instance" xsi:noNamespaceSchemaLocation="https://maven.apache.org/surefire/maven-surefire-plugin/xsd/surefire-test-report-3.0.xsd" version="3.0" name="top.soft.bookline.dao.impl.BookDaoTest" time="0.71" tests="2" errors="0" skipped="0" failures="0">
  <properties>
[...]
</properties>
  <testcase name="selectAll" classname="top.soft.bookline.dao.impl.BookDaoTest" time="0.64">
    <system-out><![CDATA[10
]]></system-out>
    <system-err><![CDATA[10月 26, 2024 5:12:00 下午 com.alibaba.druid.support.logging.JakartaCommonsLoggingImpl info
信息: {dataSource-1} inited
]]></system-err>
  </testcase>
  <testcase name="getBookById" classname="top.soft.bookline.dao.impl.BookDaoTest" time="0.034">
    <system-out><![CDATA[Book(id=1, name=Java 8实战, cover=https://mqxu-upload.oss-cn-hangzhou.aliyuncs.com/book/6.jpeg, author=陆明刚)
]]></system-out>
  </testcase>
</testsuite>