<?xml version="1.0" encoding="UTF-8"?>
<testsuite xmlns:xsi="http://www.w3.org/2001/XMLSchema-instance" xsi:noNamespaceSchemaLocation="https://maven.apache.org/surefire/maven-surefire-plugin/xsd/surefire-test-report-3.0.xsd" version="3.0" name="top.soft.classoa.service.UserServiceTest" time="0.519" tests="3" errors="2" skipped="0" failures="0">
  <properties>
[...]
</properties>
  <testcase name="notExitUser" classname="top.soft.classoa.service.UserServiceTest" time="0.465">
    <error message="用户名不存在" type="javax.security.auth.login.LoginException"><![CDATA[javax.security.auth.login.LoginException: 用户名不存在
	at top.soft.classoa.service.UserService.login(UserService.java:20)
	at top.soft.classoa.service.UserServiceTest.notExitUser(UserServiceTest.java:21)
	at java.base/java.lang.reflect.Method.invoke(Method.java:568)
	at java.base/java.util.ArrayList.forEach(ArrayList.java:1511)
	at java.base/java.util.ArrayList.forEach(ArrayList.java:1511)
]]></error>
    <system-out><![CDATA[17:50:36.709 [main] INFO com.alibaba.druid.pool.DruidDataSource -- {dataSource-1} inited
17:50:36.735 [main] DEBUG org.apache.ibatis.logging.LogFactory -- Logging initialized using 'class org.apache.ibatis.logging.slf4j.Slf4jImpl' adapter.
17:50:36.777 [main] DEBUG org.apache.ibatis.transaction.jdbc.JdbcTransaction -- Opening JDBC Connection
17:50:36.779 [main] DEBUG org.apache.ibatis.transaction.jdbc.JdbcTransaction -- Setting autocommit to false on JDBC Connection [com.mysql.cj.jdbc.ConnectionImpl@25f7391e]
17:50:36.785 [main] DEBUG top.soft.classoa.mapper.UserMapper.selectByUsername -- ==>  Preparing: select * from sys_user where username =?
17:50:36.806 [main] DEBUG top.soft.classoa.mapper.UserMapper.selectByUsername -- ==> Parameters: t71(String)
17:50:36.831 [main] DEBUG top.soft.classoa.mapper.UserMapper.selectByUsername -- <==      Total: 0
17:50:36.832 [main] DEBUG org.apache.ibatis.transaction.jdbc.JdbcTransaction -- Resetting autocommit to true on JDBC Connection [com.mysql.cj.jdbc.ConnectionImpl@25f7391e]
17:50:36.833 [main] DEBUG org.apache.ibatis.transaction.jdbc.JdbcTransaction -- Closing JDBC Connection [com.mysql.cj.jdbc.ConnectionImpl@25f7391e]
]]></system-out>
  </testcase>
  <testcase name="login" classname="top.soft.classoa.service.UserServiceTest" time="0.014">
    <system-out><![CDATA[17:50:36.847 [main] DEBUG org.apache.ibatis.transaction.jdbc.JdbcTransaction -- Opening JDBC Connection
17:50:36.847 [main] DEBUG org.apache.ibatis.transaction.jdbc.JdbcTransaction -- Setting autocommit to false on JDBC Connection [com.mysql.cj.jdbc.ConnectionImpl@25f7391e]
17:50:36.847 [main] DEBUG top.soft.classoa.mapper.UserMapper.selectByUsername -- ==>  Preparing: select * from sys_user where username =?
17:50:36.848 [main] DEBUG top.soft.classoa.mapper.UserMapper.selectByUsername -- ==> Parameters: t7(String)
17:50:36.850 [main] DEBUG top.soft.classoa.mapper.UserMapper.selectByUsername -- <==      Total: 1
17:50:36.850 [main] DEBUG org.apache.ibatis.transaction.jdbc.JdbcTransaction -- Resetting autocommit to true on JDBC Connection [com.mysql.cj.jdbc.ConnectionImpl@25f7391e]
17:50:36.850 [main] DEBUG org.apache.ibatis.transaction.jdbc.JdbcTransaction -- Closing JDBC Connection [com.mysql.cj.jdbc.ConnectionImpl@25f7391e]
User(userId=2, username=t7, password=dcfa022748271dccf5532c834e98ad08, employeeId=2, salt=189)
]]></system-out>
  </testcase>
  <testcase name="errorPassword" classname="top.soft.classoa.service.UserServiceTest" time="0.005">
    <error message="密码错误" type="javax.security.auth.login.LoginException"><![CDATA[javax.security.auth.login.LoginException: 密码错误
	at top.soft.classoa.service.UserService.login(UserService.java:25)
	at top.soft.classoa.service.UserServiceTest.errorPassword(UserServiceTest.java:27)
	at java.base/java.lang.reflect.Method.invoke(Method.java:568)
	at java.base/java.util.ArrayList.forEach(ArrayList.java:1511)
	at java.base/java.util.ArrayList.forEach(ArrayList.java:1511)
]]></error>
    <system-out><![CDATA[17:50:36.861 [main] DEBUG org.apache.ibatis.transaction.jdbc.JdbcTransaction -- Opening JDBC Connection
17:50:36.861 [main] DEBUG org.apache.ibatis.transaction.jdbc.JdbcTransaction -- Setting autocommit to false on JDBC Connection [com.mysql.cj.jdbc.ConnectionImpl@25f7391e]
17:50:36.861 [main] DEBUG top.soft.classoa.mapper.UserMapper.selectByUsername -- ==>  Preparing: select * from sys_user where username =?
17:50:36.862 [main] DEBUG top.soft.classoa.mapper.UserMapper.selectByUsername -- ==> Parameters: t7(String)
17:50:36.864 [main] DEBUG top.soft.classoa.mapper.UserMapper.selectByUsername -- <==      Total: 1
17:50:36.864 [main] DEBUG org.apache.ibatis.transaction.jdbc.JdbcTransaction -- Resetting autocommit to true on JDBC Connection [com.mysql.cj.jdbc.ConnectionImpl@25f7391e]
17:50:36.864 [main] DEBUG org.apache.ibatis.transaction.jdbc.JdbcTransaction -- Closing JDBC Connection [com.mysql.cj.jdbc.ConnectionImpl@25f7391e]
]]></system-out>
  </testcase>
</testsuite>